<?xml version="1.0" encoding="UTF-8"?>
<!-- Generated by org.testng.reporters.JUnitReportReporter -->
<testsuite skipped="0" hostname="AnilRevs-PC" name="com.demo.tests.PriorityDemo" tests="6" failures="0" timestamp="28 Dec 2018 09:25:15 GMT" time="0.047" errors="0">
  <testcase name="priorityMinus1" time="0.035" classname="com.demo.tests.PriorityDemo"/>
  <testcase name="NoPriority" time="0.002" classname="com.demo.tests.PriorityDemo"/>
  <testcase name="priority0" time="0.002" classname="com.demo.tests.PriorityDemo"/>
  <testcase name="ANoPriority" time="0.003" classname="com.demo.tests.PriorityDemo"/>
  <testcase name="priority1" time="0.003" classname="com.demo.tests.PriorityDemo"/>
  <testcase name="priority2" time="0.002" classname="com.demo.tests.PriorityDemo"/>
</testsuite> <!-- com.demo.tests.PriorityDemo -->
