<?xml version="1.0" encoding="UTF-8"?>
<!-- Generated by org.testng.reporters.JUnitReportReporter -->
<testsuite skipped="0" hostname="AnilRevs-PC" name="com.demo.tests.LoginTest" tests="1" failures="0" timestamp="21 Dec 2018 17:50:48 GMT" time="3.653" errors="0">
  <testcase name="login" time="3.653" classname="com.demo.tests.LoginTest"/>
</testsuite> <!-- com.demo.tests.LoginTest -->
