<?xml version="1.0" encoding="UTF-8"?>
<!-- Generated by org.testng.reporters.JUnitReportReporter -->
<testsuite skipped="0" hostname="AnilRevs-PC" name="com.demo.tests.ViewAllOrders" tests="2" failures="0" timestamp="26 Dec 2018 16:47:17 GMT" time="10.379" errors="0">
  <testcase name="login" time="5.391" classname="com.demo.tests.ViewAllOrders"/>
  <testcase name="webTableDemo" time="4.988" classname="com.demo.tests.ViewAllOrders"/>
</testsuite> <!-- com.demo.tests.ViewAllOrders -->
