<?xml version="1.0" encoding="UTF-8"?>
<!-- Generated by org.testng.reporters.JUnitReportReporter -->
<testsuite skipped="0" hostname="AnilRevs-PC" name="com.demo.classes.WebTableDemo" tests="1" failures="0" timestamp="26 Dec 2018 13:41:51 GMT" time="3.826" errors="0">
  <testcase name="webTableDemo" time="3.826" classname="com.demo.classes.WebTableDemo"/>
</testsuite> <!-- com.demo.classes.WebTableDemo -->
